===========================================================================
casestudies.pli.hashmap.HashMap:::OBJECT
this.e0.key == this.e0.hash
this.e0.value.getClass().getName() == this.e0.next.value.getClass().getName()
this.e0.value.getClass().getName() == this.e1.value.getClass().getName()
this.e0.value.getClass().getName() == this.e1.next.value.getClass().getName()
this.e0.value.getClass().getName() == this.e2.value.getClass().getName()
this.e0.value.getClass().getName() == this.e2.next.value.getClass().getName()
this.e0.value.getClass().getName() == this.e3.value.getClass().getName()
this.e0.value.getClass().getName() == this.e3.next.value.getClass().getName()
this.e0.value.getClass().getName() == this.e4.value.getClass().getName()
this.e0.value.getClass().getName() == this.e4.next.value.getClass().getName()
this.e0.value.getClass().getName() == this.e5.value.getClass().getName()
this.e0.value.getClass().getName() == this.e5.next.value.getClass().getName()
this.e0.value.getClass().getName() == this.e6.value.getClass().getName()
this.e0.value.getClass().getName() == this.e6.next.value.getClass().getName()
this.e0.value.getClass().getName() == this.e7.value.getClass().getName()
this.e0.value.getClass().getName() == this.e7.next.value.getClass().getName()
this.e0.value.getClass().getName() == this.e8.value.getClass().getName()
this.e0.value.getClass().getName() == this.e8.next.value.getClass().getName()
this.e0.value.getClass().getName() == this.e9.value.getClass().getName()
this.e0.value.getClass().getName() == this.e9.next.value.getClass().getName()
this.e0.value.getClass().getName() == this.e10.value.getClass().getName()
this.e0.value.getClass().getName() == this.e10.next.value.getClass().getName()
this.e0.value.getClass().getName() == this.e11.value.getClass().getName()
this.e0.value.getClass().getName() == this.e11.next.value.getClass().getName()
this.e0.value.getClass().getName() == this.e12.value.getClass().getName()
this.e0.value.getClass().getName() == this.e12.next.value.getClass().getName()
this.e0.value.getClass().getName() == this.e13.value.getClass().getName()
this.e0.value.getClass().getName() == this.e13.next.value.getClass().getName()
this.e0.value.getClass().getName() == this.e14.value.getClass().getName()
this.e0.value.getClass().getName() == this.e14.next.value.getClass().getName()
this.e0.value.getClass().getName() == this.e15.value.getClass().getName()
this.e0.value.getClass().getName() == this.e15.next.value.getClass().getName()
this.e0.next.key == this.e0.next.hash
this.e0.next.value.getClass().getName() == this.e1.value.getClass().getName()
this.e0.next.value.getClass().getName() == this.e1.next.value.getClass().getName()
this.e0.next.value.getClass().getName() == this.e2.value.getClass().getName()
this.e0.next.value.getClass().getName() == this.e2.next.value.getClass().getName()
this.e0.next.value.getClass().getName() == this.e3.value.getClass().getName()
this.e0.next.value.getClass().getName() == this.e3.next.value.getClass().getName()
this.e0.next.value.getClass().getName() == this.e4.value.getClass().getName()
this.e0.next.value.getClass().getName() == this.e4.next.value.getClass().getName()
this.e0.next.value.getClass().getName() == this.e5.value.getClass().getName()
this.e0.next.value.getClass().getName() == this.e5.next.value.getClass().getName()
this.e0.next.value.getClass().getName() == this.e6.value.getClass().getName()
this.e0.next.value.getClass().getName() == this.e6.next.value.getClass().getName()
this.e0.next.value.getClass().getName() == this.e7.value.getClass().getName()
this.e0.next.value.getClass().getName() == this.e7.next.value.getClass().getName()
this.e0.next.value.getClass().getName() == this.e8.value.getClass().getName()
this.e0.next.value.getClass().getName() == this.e8.next.value.getClass().getName()
this.e0.next.value.getClass().getName() == this.e9.value.getClass().getName()
this.e0.next.value.getClass().getName() == this.e9.next.value.getClass().getName()
this.e0.next.value.getClass().getName() == this.e10.value.getClass().getName()
this.e0.next.value.getClass().getName() == this.e10.next.value.getClass().getName()
this.e0.next.value.getClass().getName() == this.e11.value.getClass().getName()
this.e0.next.value.getClass().getName() == this.e11.next.value.getClass().getName()
this.e0.next.value.getClass().getName() == this.e12.value.getClass().getName()
this.e0.next.value.getClass().getName() == this.e12.next.value.getClass().getName()
this.e0.next.value.getClass().getName() == this.e13.value.getClass().getName()
this.e0.next.value.getClass().getName() == this.e13.next.value.getClass().getName()
this.e0.next.value.getClass().getName() == this.e14.value.getClass().getName()
this.e0.next.value.getClass().getName() == this.e14.next.value.getClass().getName()
this.e0.next.value.getClass().getName() == this.e15.value.getClass().getName()
this.e0.next.value.getClass().getName() == this.e15.next.value.getClass().getName()
this.e0.next.next == this.e2.next.next
this.e1.key == this.e1.hash
this.e1.value.getClass().getName() == this.e1.next.value.getClass().getName()
this.e1.value.getClass().getName() == this.e2.value.getClass().getName()
this.e1.value.getClass().getName() == this.e2.next.value.getClass().getName()
this.e1.value.getClass().getName() == this.e3.value.getClass().getName()
this.e1.value.getClass().getName() == this.e3.next.value.getClass().getName()
this.e1.value.getClass().getName() == this.e4.value.getClass().getName()
this.e1.value.getClass().getName() == this.e4.next.value.getClass().getName()
this.e1.value.getClass().getName() == this.e5.value.getClass().getName()
this.e1.value.getClass().getName() == this.e5.next.value.getClass().getName()
this.e1.value.getClass().getName() == this.e6.value.getClass().getName()
this.e1.value.getClass().getName() == this.e6.next.value.getClass().getName()
this.e1.value.getClass().getName() == this.e7.value.getClass().getName()
this.e1.value.getClass().getName() == this.e7.next.value.getClass().getName()
this.e1.value.getClass().getName() == this.e8.value.getClass().getName()
this.e1.value.getClass().getName() == this.e8.next.value.getClass().getName()
this.e1.value.getClass().getName() == this.e9.value.getClass().getName()
this.e1.value.getClass().getName() == this.e9.next.value.getClass().getName()
this.e1.value.getClass().getName() == this.e10.value.getClass().getName()
this.e1.value.getClass().getName() == this.e10.next.value.getClass().getName()
this.e1.value.getClass().getName() == this.e11.value.getClass().getName()
this.e1.value.getClass().getName() == this.e11.next.value.getClass().getName()
this.e1.value.getClass().getName() == this.e12.value.getClass().getName()
this.e1.value.getClass().getName() == this.e12.next.value.getClass().getName()
this.e1.value.getClass().getName() == this.e13.value.getClass().getName()
this.e1.value.getClass().getName() == this.e13.next.value.getClass().getName()
this.e1.value.getClass().getName() == this.e14.value.getClass().getName()
this.e1.value.getClass().getName() == this.e14.next.value.getClass().getName()
this.e1.value.getClass().getName() == this.e15.value.getClass().getName()
this.e1.value.getClass().getName() == this.e15.next.value.getClass().getName()
this.e1.next.key == this.e1.next.hash
this.e1.next.value.getClass().getName() == this.e2.value.getClass().getName()
this.e1.next.value.getClass().getName() == this.e2.next.value.getClass().getName()
this.e1.next.value.getClass().getName() == this.e3.value.getClass().getName()
this.e1.next.value.getClass().getName() == this.e3.next.value.getClass().getName()
this.e1.next.value.getClass().getName() == this.e4.value.getClass().getName()
this.e1.next.value.getClass().getName() == this.e4.next.value.getClass().getName()
this.e1.next.value.getClass().getName() == this.e5.value.getClass().getName()
this.e1.next.value.getClass().getName() == this.e5.next.value.getClass().getName()
this.e1.next.value.getClass().getName() == this.e6.value.getClass().getName()
this.e1.next.value.getClass().getName() == this.e6.next.value.getClass().getName()
this.e1.next.value.getClass().getName() == this.e7.value.getClass().getName()
this.e1.next.value.getClass().getName() == this.e7.next.value.getClass().getName()
this.e1.next.value.getClass().getName() == this.e8.value.getClass().getName()
this.e1.next.value.getClass().getName() == this.e8.next.value.getClass().getName()
this.e1.next.value.getClass().getName() == this.e9.value.getClass().getName()
this.e1.next.value.getClass().getName() == this.e9.next.value.getClass().getName()
this.e1.next.value.getClass().getName() == this.e10.value.getClass().getName()
this.e1.next.value.getClass().getName() == this.e10.next.value.getClass().getName()
this.e1.next.value.getClass().getName() == this.e11.value.getClass().getName()
this.e1.next.value.getClass().getName() == this.e11.next.value.getClass().getName()
this.e1.next.value.getClass().getName() == this.e12.value.getClass().getName()
this.e1.next.value.getClass().getName() == this.e12.next.value.getClass().getName()
this.e1.next.value.getClass().getName() == this.e13.value.getClass().getName()
this.e1.next.value.getClass().getName() == this.e13.next.value.getClass().getName()
this.e1.next.value.getClass().getName() == this.e14.value.getClass().getName()
this.e1.next.value.getClass().getName() == this.e14.next.value.getClass().getName()
this.e1.next.value.getClass().getName() == this.e15.value.getClass().getName()
this.e1.next.value.getClass().getName() == this.e15.next.value.getClass().getName()
this.e2.key == this.e2.hash
this.e2.value.getClass().getName() == this.e2.next.value.getClass().getName()
this.e2.value.getClass().getName() == this.e3.value.getClass().getName()
this.e2.value.getClass().getName() == this.e3.next.value.getClass().getName()
this.e2.value.getClass().getName() == this.e4.value.getClass().getName()
this.e2.value.getClass().getName() == this.e4.next.value.getClass().getName()
this.e2.value.getClass().getName() == this.e5.value.getClass().getName()
this.e2.value.getClass().getName() == this.e5.next.value.getClass().getName()
this.e2.value.getClass().getName() == this.e6.value.getClass().getName()
this.e2.value.getClass().getName() == this.e6.next.value.getClass().getName()
this.e2.value.getClass().getName() == this.e7.value.getClass().getName()
this.e2.value.getClass().getName() == this.e7.next.value.getClass().getName()
this.e2.value.getClass().getName() == this.e8.value.getClass().getName()
this.e2.value.getClass().getName() == this.e8.next.value.getClass().getName()
this.e2.value.getClass().getName() == this.e9.value.getClass().getName()
this.e2.value.getClass().getName() == this.e9.next.value.getClass().getName()
this.e2.value.getClass().getName() == this.e10.value.getClass().getName()
this.e2.value.getClass().getName() == this.e10.next.value.getClass().getName()
this.e2.value.getClass().getName() == this.e11.value.getClass().getName()
this.e2.value.getClass().getName() == this.e11.next.value.getClass().getName()
this.e2.value.getClass().getName() == this.e12.value.getClass().getName()
this.e2.value.getClass().getName() == this.e12.next.value.getClass().getName()
this.e2.value.getClass().getName() == this.e13.value.getClass().getName()
this.e2.value.getClass().getName() == this.e13.next.value.getClass().getName()
this.e2.value.getClass().getName() == this.e14.value.getClass().getName()
this.e2.value.getClass().getName() == this.e14.next.value.getClass().getName()
this.e2.value.getClass().getName() == this.e15.value.getClass().getName()
this.e2.value.getClass().getName() == this.e15.next.value.getClass().getName()
this.e2.next.key == this.e2.next.hash
this.e2.next.value.getClass().getName() == this.e3.value.getClass().getName()
this.e2.next.value.getClass().getName() == this.e3.next.value.getClass().getName()
this.e2.next.value.getClass().getName() == this.e4.value.getClass().getName()
this.e2.next.value.getClass().getName() == this.e4.next.value.getClass().getName()
this.e2.next.value.getClass().getName() == this.e5.value.getClass().getName()
this.e2.next.value.getClass().getName() == this.e5.next.value.getClass().getName()
this.e2.next.value.getClass().getName() == this.e6.value.getClass().getName()
this.e2.next.value.getClass().getName() == this.e6.next.value.getClass().getName()
this.e2.next.value.getClass().getName() == this.e7.value.getClass().getName()
this.e2.next.value.getClass().getName() == this.e7.next.value.getClass().getName()
this.e2.next.value.getClass().getName() == this.e8.value.getClass().getName()
this.e2.next.value.getClass().getName() == this.e8.next.value.getClass().getName()
this.e2.next.value.getClass().getName() == this.e9.value.getClass().getName()
this.e2.next.value.getClass().getName() == this.e9.next.value.getClass().getName()
this.e2.next.value.getClass().getName() == this.e10.value.getClass().getName()
this.e2.next.value.getClass().getName() == this.e10.next.value.getClass().getName()
this.e2.next.value.getClass().getName() == this.e11.value.getClass().getName()
this.e2.next.value.getClass().getName() == this.e11.next.value.getClass().getName()
this.e2.next.value.getClass().getName() == this.e12.value.getClass().getName()
this.e2.next.value.getClass().getName() == this.e12.next.value.getClass().getName()
this.e2.next.value.getClass().getName() == this.e13.value.getClass().getName()
this.e2.next.value.getClass().getName() == this.e13.next.value.getClass().getName()
this.e2.next.value.getClass().getName() == this.e14.value.getClass().getName()
this.e2.next.value.getClass().getName() == this.e14.next.value.getClass().getName()
this.e2.next.value.getClass().getName() == this.e15.value.getClass().getName()
this.e2.next.value.getClass().getName() == this.e15.next.value.getClass().getName()
this.e2.next.next == this.e6.next.next
this.e3.key == this.e3.hash
this.e3.value.getClass().getName() == this.e3.next.value.getClass().getName()
this.e3.value.getClass().getName() == this.e4.value.getClass().getName()
this.e3.value.getClass().getName() == this.e4.next.value.getClass().getName()
this.e3.value.getClass().getName() == this.e5.value.getClass().getName()
this.e3.value.getClass().getName() == this.e5.next.value.getClass().getName()
this.e3.value.getClass().getName() == this.e6.value.getClass().getName()
this.e3.value.getClass().getName() == this.e6.next.value.getClass().getName()
this.e3.value.getClass().getName() == this.e7.value.getClass().getName()
this.e3.value.getClass().getName() == this.e7.next.value.getClass().getName()
this.e3.value.getClass().getName() == this.e8.value.getClass().getName()
this.e3.value.getClass().getName() == this.e8.next.value.getClass().getName()
this.e3.value.getClass().getName() == this.e9.value.getClass().getName()
this.e3.value.getClass().getName() == this.e9.next.value.getClass().getName()
this.e3.value.getClass().getName() == this.e10.value.getClass().getName()
this.e3.value.getClass().getName() == this.e10.next.value.getClass().getName()
this.e3.value.getClass().getName() == this.e11.value.getClass().getName()
this.e3.value.getClass().getName() == this.e11.next.value.getClass().getName()
this.e3.value.getClass().getName() == this.e12.value.getClass().getName()
this.e3.value.getClass().getName() == this.e12.next.value.getClass().getName()
this.e3.value.getClass().getName() == this.e13.value.getClass().getName()
this.e3.value.getClass().getName() == this.e13.next.value.getClass().getName()
this.e3.value.getClass().getName() == this.e14.value.getClass().getName()
this.e3.value.getClass().getName() == this.e14.next.value.getClass().getName()
this.e3.value.getClass().getName() == this.e15.value.getClass().getName()
this.e3.value.getClass().getName() == this.e15.next.value.getClass().getName()
this.e3.next.key == this.e3.next.hash
this.e3.next.value.getClass().getName() == this.e4.value.getClass().getName()
this.e3.next.value.getClass().getName() == this.e4.next.value.getClass().getName()
this.e3.next.value.getClass().getName() == this.e5.value.getClass().getName()
this.e3.next.value.getClass().getName() == this.e5.next.value.getClass().getName()
this.e3.next.value.getClass().getName() == this.e6.value.getClass().getName()
this.e3.next.value.getClass().getName() == this.e6.next.value.getClass().getName()
this.e3.next.value.getClass().getName() == this.e7.value.getClass().getName()
this.e3.next.value.getClass().getName() == this.e7.next.value.getClass().getName()
this.e3.next.value.getClass().getName() == this.e8.value.getClass().getName()
this.e3.next.value.getClass().getName() == this.e8.next.value.getClass().getName()
this.e3.next.value.getClass().getName() == this.e9.value.getClass().getName()
this.e3.next.value.getClass().getName() == this.e9.next.value.getClass().getName()
this.e3.next.value.getClass().getName() == this.e10.value.getClass().getName()
this.e3.next.value.getClass().getName() == this.e10.next.value.getClass().getName()
this.e3.next.value.getClass().getName() == this.e11.value.getClass().getName()
this.e3.next.value.getClass().getName() == this.e11.next.value.getClass().getName()
this.e3.next.value.getClass().getName() == this.e12.value.getClass().getName()
this.e3.next.value.getClass().getName() == this.e12.next.value.getClass().getName()
this.e3.next.value.getClass().getName() == this.e13.value.getClass().getName()
this.e3.next.value.getClass().getName() == this.e13.next.value.getClass().getName()
this.e3.next.value.getClass().getName() == this.e14.value.getClass().getName()
this.e3.next.value.getClass().getName() == this.e14.next.value.getClass().getName()
this.e3.next.value.getClass().getName() == this.e15.value.getClass().getName()
this.e3.next.value.getClass().getName() == this.e15.next.value.getClass().getName()
this.e4.key == this.e4.hash
this.e4.value.getClass().getName() == this.e4.next.value.getClass().getName()
this.e4.value.getClass().getName() == this.e5.value.getClass().getName()
this.e4.value.getClass().getName() == this.e5.next.value.getClass().getName()
this.e4.value.getClass().getName() == this.e6.value.getClass().getName()
this.e4.value.getClass().getName() == this.e6.next.value.getClass().getName()
this.e4.value.getClass().getName() == this.e7.value.getClass().getName()
this.e4.value.getClass().getName() == this.e7.next.value.getClass().getName()
this.e4.value.getClass().getName() == this.e8.value.getClass().getName()
this.e4.value.getClass().getName() == this.e8.next.value.getClass().getName()
this.e4.value.getClass().getName() == this.e9.value.getClass().getName()
this.e4.value.getClass().getName() == this.e9.next.value.getClass().getName()
this.e4.value.getClass().getName() == this.e10.value.getClass().getName()
this.e4.value.getClass().getName() == this.e10.next.value.getClass().getName()
this.e4.value.getClass().getName() == this.e11.value.getClass().getName()
this.e4.value.getClass().getName() == this.e11.next.value.getClass().getName()
this.e4.value.getClass().getName() == this.e12.value.getClass().getName()
this.e4.value.getClass().getName() == this.e12.next.value.getClass().getName()
this.e4.value.getClass().getName() == this.e13.value.getClass().getName()
this.e4.value.getClass().getName() == this.e13.next.value.getClass().getName()
this.e4.value.getClass().getName() == this.e14.value.getClass().getName()
this.e4.value.getClass().getName() == this.e14.next.value.getClass().getName()
this.e4.value.getClass().getName() == this.e15.value.getClass().getName()
this.e4.value.getClass().getName() == this.e15.next.value.getClass().getName()
this.e4.next.key == this.e4.next.hash
this.e4.next.value.getClass().getName() == this.e5.value.getClass().getName()
this.e4.next.value.getClass().getName() == this.e5.next.value.getClass().getName()
this.e4.next.value.getClass().getName() == this.e6.value.getClass().getName()
this.e4.next.value.getClass().getName() == this.e6.next.value.getClass().getName()
this.e4.next.value.getClass().getName() == this.e7.value.getClass().getName()
this.e4.next.value.getClass().getName() == this.e7.next.value.getClass().getName()
this.e4.next.value.getClass().getName() == this.e8.value.getClass().getName()
this.e4.next.value.getClass().getName() == this.e8.next.value.getClass().getName()
this.e4.next.value.getClass().getName() == this.e9.value.getClass().getName()
this.e4.next.value.getClass().getName() == this.e9.next.value.getClass().getName()
this.e4.next.value.getClass().getName() == this.e10.value.getClass().getName()
this.e4.next.value.getClass().getName() == this.e10.next.value.getClass().getName()
this.e4.next.value.getClass().getName() == this.e11.value.getClass().getName()
this.e4.next.value.getClass().getName() == this.e11.next.value.getClass().getName()
this.e4.next.value.getClass().getName() == this.e12.value.getClass().getName()
this.e4.next.value.getClass().getName() == this.e12.next.value.getClass().getName()
this.e4.next.value.getClass().getName() == this.e13.value.getClass().getName()
this.e4.next.value.getClass().getName() == this.e13.next.value.getClass().getName()
this.e4.next.value.getClass().getName() == this.e14.value.getClass().getName()
this.e4.next.value.getClass().getName() == this.e14.next.value.getClass().getName()
this.e4.next.value.getClass().getName() == this.e15.value.getClass().getName()
this.e4.next.value.getClass().getName() == this.e15.next.value.getClass().getName()
this.e5.key == this.e5.hash
this.e5.value.getClass().getName() == this.e5.next.value.getClass().getName()
this.e5.value.getClass().getName() == this.e6.value.getClass().getName()
this.e5.value.getClass().getName() == this.e6.next.value.getClass().getName()
this.e5.value.getClass().getName() == this.e7.value.getClass().getName()
this.e5.value.getClass().getName() == this.e7.next.value.getClass().getName()
this.e5.value.getClass().getName() == this.e8.value.getClass().getName()
this.e5.value.getClass().getName() == this.e8.next.value.getClass().getName()
this.e5.value.getClass().getName() == this.e9.value.getClass().getName()
this.e5.value.getClass().getName() == this.e9.next.value.getClass().getName()
this.e5.value.getClass().getName() == this.e10.value.getClass().getName()
this.e5.value.getClass().getName() == this.e10.next.value.getClass().getName()
this.e5.value.getClass().getName() == this.e11.value.getClass().getName()
this.e5.value.getClass().getName() == this.e11.next.value.getClass().getName()
this.e5.value.getClass().getName() == this.e12.value.getClass().getName()
this.e5.value.getClass().getName() == this.e12.next.value.getClass().getName()
this.e5.value.getClass().getName() == this.e13.value.getClass().getName()
this.e5.value.getClass().getName() == this.e13.next.value.getClass().getName()
this.e5.value.getClass().getName() == this.e14.value.getClass().getName()
this.e5.value.getClass().getName() == this.e14.next.value.getClass().getName()
this.e5.value.getClass().getName() == this.e15.value.getClass().getName()
this.e5.value.getClass().getName() == this.e15.next.value.getClass().getName()
this.e5.next.key == this.e5.next.hash
this.e5.next.value.getClass().getName() == this.e6.value.getClass().getName()
this.e5.next.value.getClass().getName() == this.e6.next.value.getClass().getName()
this.e5.next.value.getClass().getName() == this.e7.value.getClass().getName()
this.e5.next.value.getClass().getName() == this.e7.next.value.getClass().getName()
this.e5.next.value.getClass().getName() == this.e8.value.getClass().getName()
this.e5.next.value.getClass().getName() == this.e8.next.value.getClass().getName()
this.e5.next.value.getClass().getName() == this.e9.value.getClass().getName()
this.e5.next.value.getClass().getName() == this.e9.next.value.getClass().getName()
this.e5.next.value.getClass().getName() == this.e10.value.getClass().getName()
this.e5.next.value.getClass().getName() == this.e10.next.value.getClass().getName()
this.e5.next.value.getClass().getName() == this.e11.value.getClass().getName()
this.e5.next.value.getClass().getName() == this.e11.next.value.getClass().getName()
this.e5.next.value.getClass().getName() == this.e12.value.getClass().getName()
this.e5.next.value.getClass().getName() == this.e12.next.value.getClass().getName()
this.e5.next.value.getClass().getName() == this.e13.value.getClass().getName()
this.e5.next.value.getClass().getName() == this.e13.next.value.getClass().getName()
this.e5.next.value.getClass().getName() == this.e14.value.getClass().getName()
this.e5.next.value.getClass().getName() == this.e14.next.value.getClass().getName()
this.e5.next.value.getClass().getName() == this.e15.value.getClass().getName()
this.e5.next.value.getClass().getName() == this.e15.next.value.getClass().getName()
this.e6.key == this.e6.hash
this.e6.value.getClass().getName() == this.e6.next.value.getClass().getName()
this.e6.value.getClass().getName() == this.e7.value.getClass().getName()
this.e6.value.getClass().getName() == this.e7.next.value.getClass().getName()
this.e6.value.getClass().getName() == this.e8.value.getClass().getName()
this.e6.value.getClass().getName() == this.e8.next.value.getClass().getName()
this.e6.value.getClass().getName() == this.e9.value.getClass().getName()
this.e6.value.getClass().getName() == this.e9.next.value.getClass().getName()
this.e6.value.getClass().getName() == this.e10.value.getClass().getName()
this.e6.value.getClass().getName() == this.e10.next.value.getClass().getName()
this.e6.value.getClass().getName() == this.e11.value.getClass().getName()
this.e6.value.getClass().getName() == this.e11.next.value.getClass().getName()
this.e6.value.getClass().getName() == this.e12.value.getClass().getName()
this.e6.value.getClass().getName() == this.e13.value.getClass().getName()
this.e6.value.getClass().getName() == this.e13.next.value.getClass().getName()
this.e6.value.getClass().getName() == this.e14.value.getClass().getName()
this.e6.value.getClass().getName() == this.e14.next.value.getClass().getName()
this.e6.value.getClass().getName() == this.e15.value.getClass().getName()
this.e6.value.getClass().getName() == this.e15.next.value.getClass().getName()
this.e6.next.key == this.e6.next.hash
this.e6.next.value.getClass().getName() == this.e7.value.getClass().getName()
this.e6.next.value.getClass().getName() == this.e7.next.value.getClass().getName()
this.e6.next.value.getClass().getName() == this.e8.value.getClass().getName()
this.e6.next.value.getClass().getName() == this.e8.next.value.getClass().getName()
this.e6.next.value.getClass().getName() == this.e9.value.getClass().getName()
this.e6.next.value.getClass().getName() == this.e9.next.value.getClass().getName()
this.e6.next.value.getClass().getName() == this.e10.value.getClass().getName()
this.e6.next.value.getClass().getName() == this.e10.next.value.getClass().getName()
this.e6.next.value.getClass().getName() == this.e11.value.getClass().getName()
this.e6.next.value.getClass().getName() == this.e11.next.value.getClass().getName()
this.e6.next.value.getClass().getName() == this.e12.value.getClass().getName()
this.e6.next.value.getClass().getName() == this.e12.next.value.getClass().getName()
this.e6.next.value.getClass().getName() == this.e13.value.getClass().getName()
this.e6.next.value.getClass().getName() == this.e13.next.value.getClass().getName()
this.e6.next.value.getClass().getName() == this.e14.value.getClass().getName()
this.e6.next.value.getClass().getName() == this.e14.next.value.getClass().getName()
this.e6.next.value.getClass().getName() == this.e15.value.getClass().getName()
this.e6.next.value.getClass().getName() == this.e15.next.value.getClass().getName()
this.e7.key == this.e7.hash
this.e7.value.getClass().getName() == this.e7.next.value.getClass().getName()
this.e7.value.getClass().getName() == this.e8.value.getClass().getName()
this.e7.value.getClass().getName() == this.e8.next.value.getClass().getName()
this.e7.value.getClass().getName() == this.e9.value.getClass().getName()
this.e7.value.getClass().getName() == this.e9.next.value.getClass().getName()
this.e7.value.getClass().getName() == this.e10.value.getClass().getName()
this.e7.value.getClass().getName() == this.e10.next.value.getClass().getName()
this.e7.value.getClass().getName() == this.e11.value.getClass().getName()
this.e7.value.getClass().getName() == this.e11.next.value.getClass().getName()
this.e7.value.getClass().getName() == this.e12.value.getClass().getName()
this.e7.value.getClass().getName() == this.e12.next.value.getClass().getName()
this.e7.value.getClass().getName() == this.e13.value.getClass().getName()
this.e7.value.getClass().getName() == this.e13.next.value.getClass().getName()
this.e7.value.getClass().getName() == this.e14.value.getClass().getName()
this.e7.value.getClass().getName() == this.e14.next.value.getClass().getName()
this.e7.value.getClass().getName() == this.e15.value.getClass().getName()
this.e7.value.getClass().getName() == this.e15.next.value.getClass().getName()
this.e7.next.key == this.e7.next.hash
this.e7.next.value.getClass().getName() == this.e8.value.getClass().getName()
this.e7.next.value.getClass().getName() == this.e8.next.value.getClass().getName()
this.e7.next.value.getClass().getName() == this.e9.value.getClass().getName()
this.e7.next.value.getClass().getName() == this.e9.next.value.getClass().getName()
this.e7.next.value.getClass().getName() == this.e10.value.getClass().getName()
this.e7.next.value.getClass().getName() == this.e10.next.value.getClass().getName()
this.e7.next.value.getClass().getName() == this.e11.value.getClass().getName()
this.e7.next.value.getClass().getName() == this.e11.next.value.getClass().getName()
this.e7.next.value.getClass().getName() == this.e12.value.getClass().getName()
this.e7.next.value.getClass().getName() == this.e12.next.value.getClass().getName()
this.e7.next.value.getClass().getName() == this.e13.value.getClass().getName()
this.e7.next.value.getClass().getName() == this.e13.next.value.getClass().getName()
this.e7.next.value.getClass().getName() == this.e14.value.getClass().getName()
this.e7.next.value.getClass().getName() == this.e14.next.value.getClass().getName()
this.e7.next.value.getClass().getName() == this.e15.value.getClass().getName()
this.e7.next.value.getClass().getName() == this.e15.next.value.getClass().getName()
this.e8.key == this.e8.hash
this.e8.value.getClass().getName() == this.e8.next.value.getClass().getName()
this.e8.value.getClass().getName() == this.e9.value.getClass().getName()
this.e8.value.getClass().getName() == this.e9.next.value.getClass().getName()
this.e8.value.getClass().getName() == this.e10.value.getClass().getName()
this.e8.value.getClass().getName() == this.e10.next.value.getClass().getName()
this.e8.value.getClass().getName() == this.e11.value.getClass().getName()
this.e8.value.getClass().getName() == this.e11.next.value.getClass().getName()
this.e8.value.getClass().getName() == this.e12.value.getClass().getName()
this.e8.value.getClass().getName() == this.e12.next.value.getClass().getName()
this.e8.value.getClass().getName() == this.e13.value.getClass().getName()
this.e8.value.getClass().getName() == this.e13.next.value.getClass().getName()
this.e8.value.getClass().getName() == this.e14.value.getClass().getName()
this.e8.value.getClass().getName() == this.e14.next.value.getClass().getName()
this.e8.value.getClass().getName() == this.e15.value.getClass().getName()
this.e8.value.getClass().getName() == this.e15.next.value.getClass().getName()
this.e8.next.key == this.e8.next.hash
this.e8.next.value.getClass().getName() == this.e9.value.getClass().getName()
this.e8.next.value.getClass().getName() == this.e9.next.value.getClass().getName()
this.e8.next.value.getClass().getName() == this.e10.value.getClass().getName()
this.e8.next.value.getClass().getName() == this.e10.next.value.getClass().getName()
this.e8.next.value.getClass().getName() == this.e11.value.getClass().getName()
this.e8.next.value.getClass().getName() == this.e11.next.value.getClass().getName()
this.e8.next.value.getClass().getName() == this.e12.value.getClass().getName()
this.e8.next.value.getClass().getName() == this.e12.next.value.getClass().getName()
this.e8.next.value.getClass().getName() == this.e13.value.getClass().getName()
this.e8.next.value.getClass().getName() == this.e13.next.value.getClass().getName()
this.e8.next.value.getClass().getName() == this.e14.value.getClass().getName()
this.e8.next.value.getClass().getName() == this.e14.next.value.getClass().getName()
this.e8.next.value.getClass().getName() == this.e15.value.getClass().getName()
this.e8.next.value.getClass().getName() == this.e15.next.value.getClass().getName()
this.e9.key == this.e9.hash
this.e9.value.getClass().getName() == this.e9.next.value.getClass().getName()
this.e9.value.getClass().getName() == this.e10.value.getClass().getName()
this.e9.value.getClass().getName() == this.e10.next.value.getClass().getName()
this.e9.value.getClass().getName() == this.e11.value.getClass().getName()
this.e9.value.getClass().getName() == this.e11.next.value.getClass().getName()
this.e9.value.getClass().getName() == this.e12.value.getClass().getName()
this.e9.value.getClass().getName() == this.e13.value.getClass().getName()
this.e9.value.getClass().getName() == this.e13.next.value.getClass().getName()
this.e9.value.getClass().getName() == this.e14.value.getClass().getName()
this.e9.value.getClass().getName() == this.e14.next.value.getClass().getName()
this.e9.value.getClass().getName() == this.e15.value.getClass().getName()
this.e9.value.getClass().getName() == this.e15.next.value.getClass().getName()
this.e9.next.key == this.e9.next.hash
this.e9.next.value.getClass().getName() == this.e10.value.getClass().getName()
this.e9.next.value.getClass().getName() == this.e10.next.value.getClass().getName()
this.e9.next.value.getClass().getName() == this.e11.value.getClass().getName()
this.e9.next.value.getClass().getName() == this.e11.next.value.getClass().getName()
this.e9.next.value.getClass().getName() == this.e12.value.getClass().getName()
this.e9.next.value.getClass().getName() == this.e13.value.getClass().getName()
this.e9.next.value.getClass().getName() == this.e13.next.value.getClass().getName()
this.e9.next.value.getClass().getName() == this.e14.value.getClass().getName()
this.e9.next.value.getClass().getName() == this.e14.next.value.getClass().getName()
this.e9.next.value.getClass().getName() == this.e15.value.getClass().getName()
this.e9.next.value.getClass().getName() == this.e15.next.value.getClass().getName()
this.e10.key == this.e10.hash
this.e10.value.getClass().getName() == this.e10.next.value.getClass().getName()
this.e10.value.getClass().getName() == this.e11.value.getClass().getName()
this.e10.value.getClass().getName() == this.e11.next.value.getClass().getName()
this.e10.value.getClass().getName() == this.e12.value.getClass().getName()
this.e10.value.getClass().getName() == this.e13.value.getClass().getName()
this.e10.value.getClass().getName() == this.e13.next.value.getClass().getName()
this.e10.value.getClass().getName() == this.e14.value.getClass().getName()
this.e10.value.getClass().getName() == this.e14.next.value.getClass().getName()
this.e10.value.getClass().getName() == this.e15.value.getClass().getName()
this.e10.value.getClass().getName() == this.e15.next.value.getClass().getName()
this.e10.next.key == this.e10.next.hash
this.e10.next.value.getClass().getName() == this.e11.value.getClass().getName()
this.e10.next.value.getClass().getName() == this.e11.next.value.getClass().getName()
this.e10.next.value.getClass().getName() == this.e12.value.getClass().getName()
this.e10.next.value.getClass().getName() == this.e12.next.value.getClass().getName()
this.e10.next.value.getClass().getName() == this.e13.value.getClass().getName()
this.e10.next.value.getClass().getName() == this.e13.next.value.getClass().getName()
this.e10.next.value.getClass().getName() == this.e14.value.getClass().getName()
this.e10.next.value.getClass().getName() == this.e14.next.value.getClass().getName()
this.e10.next.value.getClass().getName() == this.e15.value.getClass().getName()
this.e10.next.value.getClass().getName() == this.e15.next.value.getClass().getName()
this.e11.key == this.e11.hash
this.e11.value.getClass().getName() == this.e11.next.value.getClass().getName()
this.e11.value.getClass().getName() == this.e12.value.getClass().getName()
this.e11.value.getClass().getName() == this.e12.next.value.getClass().getName()
this.e11.value.getClass().getName() == this.e13.value.getClass().getName()
this.e11.value.getClass().getName() == this.e13.next.value.getClass().getName()
this.e11.value.getClass().getName() == this.e14.value.getClass().getName()
this.e11.value.getClass().getName() == this.e14.next.value.getClass().getName()
this.e11.value.getClass().getName() == this.e15.value.getClass().getName()
this.e11.value.getClass().getName() == this.e15.next.value.getClass().getName()
this.e11.next.key == this.e11.next.hash
this.e11.next.value.getClass().getName() == this.e12.value.getClass().getName()
this.e11.next.value.getClass().getName() == this.e12.next.value.getClass().getName()
this.e11.next.value.getClass().getName() == this.e13.value.getClass().getName()
this.e11.next.value.getClass().getName() == this.e13.next.value.getClass().getName()
this.e11.next.value.getClass().getName() == this.e14.value.getClass().getName()
this.e11.next.value.getClass().getName() == this.e14.next.value.getClass().getName()
this.e11.next.value.getClass().getName() == this.e15.value.getClass().getName()
this.e11.next.value.getClass().getName() == this.e15.next.value.getClass().getName()
this.e12.key == this.e12.hash
this.e12.value.getClass().getName() == this.e12.next.value.getClass().getName()
this.e12.value.getClass().getName() == this.e13.value.getClass().getName()
this.e12.value.getClass().getName() == this.e13.next.value.getClass().getName()
this.e12.value.getClass().getName() == this.e14.value.getClass().getName()
this.e12.value.getClass().getName() == this.e14.next.value.getClass().getName()
this.e12.value.getClass().getName() == this.e15.value.getClass().getName()
this.e12.value.getClass().getName() == this.e15.next.value.getClass().getName()
this.e12.next.key == this.e12.next.hash
this.e12.next.value.getClass().getName() == this.e13.next.value.getClass().getName()
this.e12.next.value.getClass().getName() == this.e14.value.getClass().getName()
this.e12.next.value.getClass().getName() == this.e14.next.value.getClass().getName()
this.e12.next.value.getClass().getName() == this.e15.value.getClass().getName()
this.e12.next.value.getClass().getName() == this.e15.next.value.getClass().getName()
this.e13.key == this.e13.hash
this.e13.value.getClass().getName() == this.e13.next.value.getClass().getName()
this.e13.value.getClass().getName() == this.e14.value.getClass().getName()
this.e13.value.getClass().getName() == this.e14.next.value.getClass().getName()
this.e13.value.getClass().getName() == this.e15.value.getClass().getName()
this.e13.value.getClass().getName() == this.e15.next.value.getClass().getName()
this.e13.next.key == this.e13.next.hash
this.e13.next.value.getClass().getName() == this.e14.value.getClass().getName()
this.e13.next.value.getClass().getName() == this.e14.next.value.getClass().getName()
this.e13.next.value.getClass().getName() == this.e15.value.getClass().getName()
this.e13.next.value.getClass().getName() == this.e15.next.value.getClass().getName()
this.e14.key == this.e14.hash
this.e14.value.getClass().getName() == this.e14.next.value.getClass().getName()
this.e14.value.getClass().getName() == this.e15.value.getClass().getName()
this.e14.value.getClass().getName() == this.e15.next.value.getClass().getName()
this.e14.next.key == this.e14.next.hash
this.e14.next.value.getClass().getName() == this.e15.value.getClass().getName()
this.e14.next.value.getClass().getName() == this.e15.next.value.getClass().getName()
this.e15.key == this.e15.hash
this.e15.value.getClass().getName() == this.e15.next.value.getClass().getName()
this.e15.next.key == this.e15.next.hash
this.size >= 0
this.e1.key != 0
this.e1.next.key == 1 || this.e1.next.key == 17 || this.e1.next.key == 33
this.e1.next.value.getClass().getName() == java.lang.Object.class.getName()
this.e2.key != 0
this.e2.next.key == 2 || this.e2.next.key == 514 || this.e2.next.key == 578
this.e2.next.value.getClass().getName() == java.lang.Object.class.getName()
this.e3.key != 0
this.e3.next.key == 3
this.e3.next.value != null
this.e3.next.value != null
this.e3.next.value.getClass().getName() == java.lang.Object.class.getName()
this.e3.next.next == null
this.e4.next.key == 4
this.e4.next.value != null
this.e4.next.value != null
this.e4.next.value.getClass().getName() == java.lang.Object.class.getName()
this.e4.next.next == null
this.e5.key != 0
this.e5.next.key == 5
this.e5.next.value != null
this.e5.next.value != null
this.e5.next.value.getClass().getName() == java.lang.Object.class.getName()
this.e5.next.next == null
this.e6.key != 0
this.e6.next.key == 6 || this.e6.next.key == 22 || this.e6.next.key == 38
this.e6.next.value != null
this.e6.next.value.getClass().getName() == java.lang.Object.class.getName()
this.e7.key != 0
this.e7.next.key == 7
this.e7.next.value != null
this.e7.next.value != null
this.e7.next.value.getClass().getName() == java.lang.Object.class.getName()
this.e7.next.next == null
this.e8.key != 0
this.e8.next.key == 8
this.e8.next.value != null
this.e8.next.value != null
this.e8.next.value.getClass().getName() == java.lang.Object.class.getName()
this.e8.next.next == null
this.e9.next.key == 9 || this.e9.next.key == 665
this.e9.next.value != null
this.e9.next.value.getClass().getName() == java.lang.Object.class.getName()
this.e9.next.next == null
this.e10.key != 0
this.e10.next.key == 10
this.e10.next.value != null
this.e10.next.value != null
this.e10.next.value.getClass().getName() == java.lang.Object.class.getName()
this.e10.next.next == null
this.e11.key != 0
this.e11.next.key == 11
this.e11.next.value != null
this.e11.next.value != null
this.e11.next.value.getClass().getName() == java.lang.Object.class.getName()
this.e11.next.next == null
this.e12.key != 0
this.e12.next.key == -4 || this.e12.next.key == 12
this.e12.next.next == null
this.e13.key != 0
this.e13.next.key == 13
this.e13.next.value != null
this.e13.next.value != null
this.e13.next.value.getClass().getName() == java.lang.Object.class.getName()
this.e13.next.next == null
this.e14.next.key == 14
this.e14.next.value != null
this.e14.next.value != null
this.e14.next.value.getClass().getName() == java.lang.Object.class.getName()
this.e14.next.next == null
this.e15.key != 0
this.e15.key >= -1
this.e15.next.key == -1 || this.e15.next.key == 15 || this.e15.next.key == 1263
this.e15.next.value.getClass().getName() == java.lang.Object.class.getName()
this.e15.next.next == null
this.e0.key > this.e0.next.key
this.e0.key != this.e1.key
this.e0.key > this.e1.next.key
this.e0.key != this.e2.key
this.e0.key != this.e2.next.key
this.e0.key != this.e3.key
this.e0.key > this.e3.next.key
this.e0.key != this.e4.key
this.e0.key % this.e4.next.key == 0
this.e0.key == this.e4.next.key*this.e4.next.key
this.e0.key > this.e4.next.key
this.e0.key != this.e5.key
this.e0.key > this.e5.next.key
this.e0.key != this.e6.key
this.e0.key > this.e6.next.key
this.e0.key != this.e7.key
this.e0.key > this.e7.next.key
this.e0.key != this.e8.key
this.e0.key % this.e8.next.key == 0
this.e0.key > this.e8.next.key
this.e0.key != this.e9.key
this.e0.key != this.e9.next.key
this.e0.key != this.e10.key
this.e0.key > this.e10.next.key
this.e0.key != this.e11.key
this.e0.key > this.e11.next.key
this.e0.key != this.e12.key
this.e0.key > this.e12.next.key
this.e0.key != this.e13.key
this.e0.key > this.e13.next.key
this.e0.key != this.e14.key
this.e0.key > this.e14.next.key
this.e0.key != this.e15.key
this.e0.key != this.e15.next.key
this.e0.next.key != this.e1.key
this.e0.next.key != this.e1.next.key
this.e0.next.key % this.e2.key == 0
this.e0.next.key < this.e2.key
this.e0.next.key % this.e2.next.key == 0
this.e0.next.key < this.e2.next.key
this.e0.next.key % this.e3.key == 0
this.e0.next.key < this.e3.key
this.e0.next.key < this.e3.next.key
this.e0.next.key % this.e4.key == 0
this.e0.next.key < this.e4.key
this.e0.next.key < this.e4.next.key
this.e0.next.key % this.e5.key == 0
this.e0.next.key < this.e5.key
this.e0.next.key < this.e5.next.key
this.e0.next.key != this.e6.key
this.e0.next.key != this.e6.next.key
this.e0.next.key % this.e7.key == 0
this.e0.next.key < this.e7.key
this.e0.next.key < this.e7.next.key
this.e0.next.key % this.e8.key == 0
this.e0.next.key < this.e8.key
this.e0.next.key < this.e8.next.key
this.e0.next.key % this.e9.key == 0
this.e0.next.key < this.e9.key
this.e0.next.key % this.e9.next.key == 0
this.e0.next.key < this.e9.next.key
this.e0.next.key % this.e10.key == 0
this.e0.next.key < this.e10.key
this.e0.next.key < this.e10.next.key
this.e0.next.key % this.e11.key == 0
this.e0.next.key < this.e11.key
this.e0.next.key < this.e11.next.key
this.e0.next.key % this.e12.key == 0
this.e0.next.key < this.e12.key
this.e0.next.key % this.e12.next.key == 0
this.e0.next.key % this.e13.key == 0
this.e0.next.key < this.e13.key
this.e0.next.key < this.e13.next.key
this.e0.next.key % this.e14.key == 0
this.e0.next.key < this.e14.key
this.e0.next.key < this.e14.next.key
this.e0.next.key % this.e15.key == 0
this.e0.next.key < this.e15.key
this.e1.key != this.e1.next.key
this.e1.key != this.e2.key
this.e1.key != this.e2.next.key
this.e1.key != this.e3.key
this.e1.key > this.e3.next.key
this.e1.key != this.e4.key
this.e1.key > this.e4.next.key
this.e1.key != this.e5.key
this.e1.key > this.e5.next.key
this.e1.key != this.e6.key
this.e1.key > this.e6.next.key
this.e1.key != this.e7.key
this.e1.key > this.e7.next.key
this.e1.key != this.e8.key
this.e1.key > this.e8.next.key
this.e1.key != this.e9.key
this.e1.key > this.e9.next.key
this.e1.key != this.e10.key
this.e1.key > this.e10.next.key
this.e1.key != this.e11.key
this.e1.key > this.e11.next.key
this.e1.key != this.e12.key
this.e1.key > this.e12.next.key
this.e1.key != this.e13.key
this.e1.key > this.e13.next.key
this.e1.key != this.e14.key
this.e1.key > this.e14.next.key
this.e1.key != this.e15.key
this.e1.key != this.e15.next.key
this.e1.next.key != this.e2.key
this.e2.key % this.e1.next.key == 0
this.e1.next.key < this.e2.next.key
this.e2.next.key % this.e1.next.key == 0
this.e1.next.key < this.e3.key
this.e3.key % this.e1.next.key == 0
this.e1.next.key < this.e3.next.key
this.e1.next.key < this.e4.key
this.e4.key % this.e1.next.key == 0
this.e1.next.key < this.e4.next.key
this.e1.next.key < this.e5.key
this.e5.key % this.e1.next.key == 0
this.e1.next.key < this.e5.next.key
this.e1.next.key != this.e6.key
this.e1.next.key != this.e6.next.key
this.e1.next.key != this.e7.key
this.e7.key % this.e1.next.key == 0
this.e1.next.key < this.e7.next.key
this.e1.next.key < this.e8.key
this.e8.key % this.e1.next.key == 0
this.e1.next.key < this.e8.next.key
this.e1.next.key < this.e9.key
this.e9.key % this.e1.next.key == 0
this.e1.next.key < this.e9.next.key
this.e9.next.key % this.e1.next.key == 0
this.e1.next.key != this.e10.key
this.e10.key % this.e1.next.key == 0
this.e1.next.key < this.e10.next.key
this.e1.next.key != this.e11.key
this.e11.key % this.e1.next.key == 0
this.e1.next.key < this.e11.next.key
this.e1.next.key < this.e12.key
this.e12.key % this.e1.next.key == 0
this.e12.next.key % this.e1.next.key == 0
this.e1.next.key < this.e13.key
this.e13.key % this.e1.next.key == 0
this.e1.next.key < this.e13.next.key
this.e1.next.key < this.e14.key
this.e14.key % this.e1.next.key == 0
this.e1.next.key < this.e14.next.key
this.e1.next.key < this.e15.key
this.e15.key % this.e1.next.key == 0
this.e1.next.key != this.e15.next.key
this.e15.next.key % this.e1.next.key == 0
this.e2.key != this.e2.next.key
this.e2.key != this.e3.key
this.e2.key % this.e3.next.key == 0
this.e2.key > this.e3.next.key
this.e2.key != this.e4.key
this.e2.key > this.e4.next.key
this.e2.key != this.e5.key
this.e2.key > this.e5.next.key
this.e2.key != this.e6.key
this.e2.key % this.e6.next.key == 0
this.e2.key > this.e6.next.key
this.e2.key != this.e7.key
this.e2.key > this.e7.next.key
this.e2.key != this.e8.key
this.e2.key > this.e8.next.key
this.e2.key != this.e9.key
this.e2.key % this.e9.next.key == 0
this.e2.key > this.e9.next.key
this.e2.key != this.e10.key
this.e2.key > this.e10.next.key
this.e2.key != this.e11.key
this.e2.key > this.e11.next.key
this.e2.key != this.e12.key
this.e2.key > this.e12.next.key
this.e2.key != this.e13.key
this.e2.key > this.e13.next.key
this.e2.key != this.e14.key
this.e2.key > this.e14.next.key
this.e2.key != this.e15.key
this.e2.key != this.e15.next.key
this.e2.next.key < this.e3.key
this.e2.next.key < this.e3.next.key
this.e2.next.key < this.e4.key
this.e2.next.key < this.e4.next.key
this.e2.next.key < this.e5.key
this.e2.next.key < this.e5.next.key
this.e2.next.key < this.e6.key
this.e6.key % this.e2.next.key == 0
this.e2.next.key < this.e6.next.key
this.e6.next.key % this.e2.next.key == 0
this.e2.next.key != this.e7.key
this.e2.next.key < this.e7.next.key
this.e2.next.key < this.e8.key
this.e2.next.key < this.e8.next.key
this.e2.next.key != this.e9.key
this.e2.next.key < this.e9.next.key
this.e10.key % this.e2.next.key == 0
this.e2.next.key < this.e10.key
this.e2.next.key < this.e10.next.key
this.e2.next.key != this.e11.key
this.e2.next.key < this.e11.next.key
this.e12.key % this.e2.next.key == 0
this.e2.next.key < this.e12.key
this.e12.next.key % this.e2.next.key == 0
this.e2.next.key < this.e12.next.key
this.e2.next.key < this.e13.key
this.e2.next.key < this.e13.next.key
this.e14.key % this.e2.next.key == 0
this.e2.next.key < this.e14.key
this.e2.next.key < this.e14.next.key
this.e2.next.key < this.e15.key
this.e2.next.key != this.e15.next.key
this.e3.key > this.e3.next.key
this.e3.key != this.e4.key
this.e3.key > this.e4.next.key
this.e3.key != this.e5.key
this.e3.key > this.e5.next.key
this.e3.key != this.e6.key
this.e3.key > this.e6.next.key
this.e3.key != this.e7.key
this.e3.key > this.e7.next.key
this.e3.key != this.e8.key
this.e3.key > this.e8.next.key
this.e3.key != this.e9.key
this.e3.key > this.e9.next.key
this.e3.key != this.e10.key
this.e3.key > this.e10.next.key
this.e3.key != this.e11.key
this.e3.key > this.e11.next.key
this.e3.key != this.e12.key
this.e3.key > this.e12.next.key
this.e3.key != this.e13.key
this.e3.key > this.e13.next.key
this.e3.key != this.e14.key
this.e3.key > this.e14.next.key
this.e3.key != this.e15.key
this.e3.next.key < this.e4.key
this.e3.next.key < this.e5.key
this.e3.next.key < this.e6.key
this.e3.next.key < this.e6.next.key
this.e3.next.key < this.e7.key
this.e3.next.key < this.e8.key
this.e3.next.key < this.e9.key
this.e3.next.key < this.e9.next.key
this.e3.next.key < this.e10.key
this.e3.next.key < this.e11.key
this.e3.next.key < this.e12.key
this.e3.next.key < this.e12.next.key
this.e3.next.key < this.e13.key
this.e3.next.key < this.e14.key
this.e3.next.key < this.e15.key
this.e4.key % this.e4.next.key == 0
this.e4.key > this.e4.next.key
this.e4.key != this.e5.key
this.e4.key % this.e5.next.key == 0
this.e4.key > this.e5.next.key
this.e4.key != this.e6.key
this.e4.key > this.e6.next.key
this.e4.key != this.e7.key
this.e4.key > this.e7.next.key
this.e4.key != this.e8.key
this.e4.key > this.e8.next.key
this.e4.key != this.e9.key
this.e4.key > this.e9.next.key
this.e4.key != this.e10.key
this.e4.key % this.e10.next.key == 0
this.e4.key > this.e10.next.key
this.e4.key != this.e11.key
this.e4.key > this.e11.next.key
this.e4.key != this.e12.key
this.e4.key > this.e12.next.key
this.e4.key != this.e13.key
this.e4.key > this.e13.next.key
this.e4.key != this.e14.key
this.e4.key > this.e14.next.key
this.e4.key != this.e15.key
this.e4.key > this.e15.next.key
this.e4.next.key < this.e5.key
this.e4.next.key < this.e6.key
this.e4.next.key < this.e6.next.key
this.e4.next.key < this.e7.key
this.e4.next.key < this.e8.key
this.e8.key % this.e4.next.key == 0
this.e4.next.key < this.e9.key
this.e4.next.key < this.e9.next.key
this.e4.next.key < this.e10.key
this.e4.next.key < this.e11.key
this.e12.key % this.e4.next.key == 0
this.e4.next.key < this.e12.key
this.e4.next.key < this.e12.next.key
this.e4.next.key < this.e13.key
this.e4.next.key < this.e14.key
this.e4.next.key < this.e15.key
this.e5.key > this.e5.next.key
this.e5.key != this.e6.key
this.e5.key > this.e6.next.key
this.e5.key != this.e7.key
this.e5.key % this.e7.next.key == 0
this.e5.key > this.e7.next.key
this.e5.key != this.e8.key
this.e5.key > this.e8.next.key
this.e5.key != this.e9.key
this.e5.key > this.e9.next.key
this.e5.key != this.e10.key
this.e5.key > this.e10.next.key
this.e5.key != this.e11.key
this.e5.key > this.e11.next.key
this.e5.key != this.e12.key
this.e5.key > this.e12.next.key
this.e5.key != this.e13.key
this.e5.key > this.e13.next.key
this.e5.key != this.e14.key
this.e5.key > this.e14.next.key
this.e5.key != this.e15.key
this.e5.key > this.e15.next.key
this.e5.next.key < this.e6.key
this.e5.next.key < this.e6.next.key
this.e5.next.key < this.e7.key
this.e5.next.key < this.e8.key
this.e5.next.key < this.e9.key
this.e5.next.key < this.e9.next.key
this.e5.next.key < this.e10.key
this.e5.next.key < this.e11.key
this.e5.next.key < this.e12.key
this.e5.next.key < this.e12.next.key
this.e5.next.key < this.e13.key
this.e5.next.key < this.e14.key
this.e5.next.key < this.e15.key
this.e6.key > this.e6.next.key
this.e6.key != this.e7.key
this.e6.key > this.e7.next.key
this.e6.key != this.e8.key
this.e6.key > this.e8.next.key
this.e6.key != this.e9.key
this.e6.key > this.e9.next.key
this.e6.key != this.e10.key
this.e6.key > this.e10.next.key
this.e6.key != this.e11.key
this.e6.key % this.e11.next.key == 0
this.e6.key > this.e11.next.key
this.e6.key != this.e12.key
this.e6.key > this.e12.next.key
this.e6.key != this.e13.key
this.e6.key > this.e13.next.key
this.e6.key != this.e14.key
this.e6.key > this.e14.next.key
this.e6.key != this.e15.key
this.e6.next.key < this.e7.key
this.e6.next.key < this.e7.next.key
this.e6.next.key < this.e8.key
this.e6.next.key < this.e8.next.key
this.e6.next.key < this.e9.key
this.e6.next.key < this.e9.next.key
this.e6.next.key < this.e10.key
this.e6.next.key < this.e10.next.key
this.e6.next.key < this.e11.key
this.e6.next.key < this.e11.next.key
this.e6.next.key < this.e12.key
this.e12.next.key % this.e6.next.key == 0
this.e6.next.key < this.e12.next.key
this.e6.next.key < this.e13.key
this.e6.next.key < this.e13.next.key
this.e6.next.key < this.e14.key
this.e6.next.key < this.e14.next.key
this.e6.next.key < this.e15.key
this.e7.key > this.e7.next.key
this.e7.key != this.e8.key
this.e7.key > this.e8.next.key
this.e7.key != this.e9.key
this.e7.key > this.e9.next.key
this.e7.key != this.e10.key
this.e7.key > this.e10.next.key
this.e7.key != this.e11.key
this.e7.key > this.e11.next.key
this.e7.key != this.e12.key
this.e7.key > this.e12.next.key
this.e7.key != this.e13.key
this.e7.key > this.e13.next.key
this.e7.key != this.e14.key
this.e7.key > this.e14.next.key
this.e7.key != this.e15.key
this.e7.key != this.e15.next.key
this.e7.next.key < this.e8.key
this.e7.next.key < this.e9.key
this.e7.next.key < this.e9.next.key
this.e7.next.key < this.e10.key
this.e7.next.key < this.e11.key
this.e7.next.key < this.e12.key
this.e7.next.key < this.e12.next.key
this.e7.next.key < this.e13.key
this.e7.next.key < this.e14.key
this.e7.next.key < this.e15.key
this.e8.key % this.e8.next.key == 0
this.e8.key > this.e8.next.key
this.e8.key != this.e9.key
this.e8.key > this.e9.next.key
this.e8.key != this.e10.key
this.e8.key > this.e10.next.key
this.e8.key != this.e11.key
this.e8.key > this.e11.next.key
this.e8.key != this.e12.key
this.e8.key % this.e12.next.key == 0
this.e8.key > this.e12.next.key
this.e8.key != this.e13.key
this.e8.key > this.e13.next.key
this.e8.key != this.e14.key
this.e8.key > this.e14.next.key
this.e8.key != this.e15.key
this.e8.next.key < this.e9.key
this.e8.next.key < this.e9.next.key
this.e8.next.key < this.e10.key
this.e8.next.key < this.e11.key
this.e8.next.key < this.e12.key
this.e8.next.key < this.e12.next.key
this.e8.next.key < this.e13.key
this.e8.next.key < this.e14.key
this.e8.next.key < this.e15.key
this.e9.key > this.e9.next.key
this.e9.key != this.e10.key
this.e9.key > this.e10.next.key
this.e9.key != this.e11.key
this.e9.key > this.e11.next.key
this.e9.key != this.e12.key
this.e9.key > this.e12.next.key
this.e9.key != this.e13.key
this.e9.key > this.e13.next.key
this.e9.key != this.e14.key
this.e9.key > this.e14.next.key
this.e9.key != this.e15.key
this.e9.key > this.e15.next.key
this.e9.next.key < this.e10.key
this.e9.next.key < this.e10.next.key
this.e9.next.key < this.e11.key
this.e9.next.key < this.e11.next.key
this.e9.next.key != this.e12.key
this.e9.next.key < this.e13.key
this.e9.next.key < this.e13.next.key
this.e9.next.key < this.e14.key
this.e9.next.key < this.e14.next.key
this.e9.next.key < this.e15.key
this.e10.key > this.e10.next.key
this.e10.key != this.e11.key
this.e10.key > this.e11.next.key
this.e10.key != this.e12.key
this.e10.key > this.e12.next.key
this.e10.key != this.e13.key
this.e10.key % this.e13.next.key == 0
this.e10.key > this.e13.next.key
this.e10.key != this.e14.key
this.e10.key > this.e14.next.key
this.e10.key != this.e15.key
this.e10.next.key < this.e11.key
this.e10.next.key < this.e12.key
this.e10.next.key < this.e12.next.key
this.e10.next.key < this.e13.key
this.e10.next.key < this.e14.key
this.e10.next.key < this.e15.key
this.e11.key > this.e11.next.key
this.e11.key != this.e12.key
this.e11.key > this.e12.next.key
this.e11.key != this.e13.key
this.e11.key > this.e13.next.key
this.e11.key != this.e14.key
this.e11.key > this.e14.next.key
this.e11.key != this.e15.key
this.e11.key != this.e15.next.key
this.e11.next.key < this.e12.key
this.e11.next.key < this.e12.next.key
this.e11.next.key < this.e13.key
this.e11.next.key < this.e14.key
this.e11.next.key < this.e15.key
this.e12.key != this.e12.next.key
this.e12.key != this.e13.key
this.e12.key > this.e13.next.key
this.e12.key != this.e14.key
this.e12.key % this.e14.next.key == 0
this.e12.key > this.e14.next.key
this.e12.key != this.e15.key
this.e12.key > this.e15.next.key
this.e12.next.key < this.e13.key
this.e12.next.key < this.e13.next.key
this.e12.next.key < this.e14.key
this.e12.next.key < this.e14.next.key
this.e12.next.key < this.e15.key
this.e13.key > this.e13.next.key
this.e13.key != this.e14.key
this.e13.key > this.e14.next.key
this.e13.key != this.e15.key
this.e13.next.key < this.e14.key
this.e13.next.key < this.e15.key
this.e14.key > this.e14.next.key
this.e14.key != this.e15.key
this.e14.next.key < this.e15.key
this.e15.key != this.e15.next.key
